# JRE version: OpenJDK Runtime Environment Temurin-21.0.7+6 (21.0.7+6) (build 21.0.7+6-LTS)
# Java VM: OpenJDK 64-Bit Server VM Temurin-21.0.7+6 (21.0.7+6-LTS, mixed mode, sharing, tiered, compressed oops, compressed class ptrs, parallel gc, windows-amd64)
GC Precious Log:
 CardTable entry size: 512
 CPUs: 12 total, 12 available
 Memory: 32691M
 Large Page Support: Disabled
 NUMA Support: Disabled
 Compressed Oops: Enabled (32-bit)
 Alignments: Space 512K, Generation 512K, Heap 2M
 Heap Min Capacity: 100M
 Heap Initial Capacity: 100M
 Heap Max Capacity: 2G
 Pre-touch: Disabled
 Parallel Workers: 10
Heap:
 PSYoungGen      total 4608K, used 4212K [0x00000000d5580000, 0x00000000d5b00000, 0x0000000100000000)
  eden space 3584K, 100% used [0x00000000d5580000,0x00000000d5900000,0x00000000d5900000)
  from space 1024K, 61% used [0x00000000d5a00000,0x00000000d5a9d200,0x00000000d5b00000)
  to   space 1024K, 73% used [0x00000000d5900000,0x00000000d59bd200,0x00000000d5a00000)
 ParOldGen       total 865280K, used 864944K [0x0000000080000000, 0x00000000b4d00000, 0x00000000d5580000)
  object space 865280K, 99% used [0x0000000080000000,0x00000000b4cac1c0,0x00000000b4d00000)
 Metaspace       used 102685K, committed 104448K, reserved 1179648K
  class space    used 10095K, committed 10944K, reserved 1048576K
GC Heap History (20 events):
Event: 7338.139 GC heap after
{Heap after GC invocations=7122 (full 9):
 PSYoungGen      total 4608K, used 660K [0x00000000d5580000, 0x00000000d5b00000, 0x0000000100000000)
  eden space 3584K, 0% used [0x00000000d5580000,0x00000000d5580000,0x00000000d5900000)
  from space 1024K, 64% used [0x00000000d5980000,0x00000000d5a25200,0x00000000d5a80000)
  to   space 512K, 0% used [0x00000000d5a80000,0x00000000d5a80000,0x00000000d5b00000)
 ParOldGen       total 860672K, used 860295K [0x0000000080000000, 0x00000000b4880000, 0x00000000d5580000)
  object space 860672K, 99% used [0x0000000080000000,0x00000000b4821e40,0x00000000b4880000)
 Metaspace       used 102679K, committed 104448K, reserved 1179648K
  class space    used 10095K, committed 10944K, reserved 1048576K
}
Event: 7338.142 GC heap before
{Heap before GC invocations=7123 (full 9):
 PSYoungGen      total 4608K, used 4244K [0x00000000d5580000, 0x00000000d5b00000, 0x0000000100000000)
  eden space 3584K, 100% used [0x00000000d5580000,0x00000000d5900000,0x00000000d5900000)
  from space 1024K, 64% used [0x00000000d5980000,0x00000000d5a25200,0x00000000d5a80000)
  to   space 512K, 0% used [0x00000000d5a80000,0x00000000d5a80000,0x00000000d5b00000)
 ParOldGen       total 860672K, used 860295K [0x0000000080000000, 0x00000000b4880000, 0x00000000d5580000)
  object space 860672K, 99% used [0x0000000080000000,0x00000000b4821e40,0x00000000b4880000)
 Metaspace       used 102679K, committed 104448K, reserved 1179648K
  class space    used 10095K, committed 10944K, reserved 1048576K
}
Event: 7338.143 GC heap after
{Heap after GC invocations=7123 (full 9):
 PSYoungGen      total 4096K, used 512K [0x00000000d5580000, 0x00000000d5c00000, 0x0000000100000000)
  eden space 3584K, 0% used [0x00000000d5580000,0x00000000d5580000,0x00000000d5900000)
  from space 512K, 100% used [0x00000000d5a80000,0x00000000d5b00000,0x00000000d5b00000)
  to   space 1536K, 0% used [0x00000000d5900000,0x00000000d5900000,0x00000000d5a80000)
 ParOldGen       total 861184K, used 860788K [0x0000000080000000, 0x00000000b4900000, 0x00000000d5580000)
  object space 861184K, 99% used [0x0000000080000000,0x00000000b489d040,0x00000000b4900000)
 Metaspace       used 102679K, committed 104448K, reserved 1179648K
  class space    used 10095K, committed 10944K, reserved 1048576K
}
Event: 7338.147 GC heap before
{Heap before GC invocations=7124 (full 9):
 PSYoungGen      total 4096K, used 4096K [0x00000000d5580000, 0x00000000d5c00000, 0x0000000100000000)
  eden space 3584K, 100% used [0x00000000d5580000,0x00000000d5900000,0x00000000d5900000)
  from space 512K, 100% used [0x00000000d5a80000,0x00000000d5b00000,0x00000000d5b00000)
  to   space 1536K, 0% used [0x00000000d5900000,0x00000000d5900000,0x00000000d5a80000)
 ParOldGen       total 861184K, used 860788K [0x0000000080000000, 0x00000000b4900000, 0x00000000d5580000)
  object space 861184K, 99% used [0x0000000080000000,0x00000000b489d040,0x00000000b4900000)
 Metaspace       used 102679K, committed 104448K, reserved 1179648K
  class space    used 10095K, committed 10944K, reserved 1048576K
}
Event: 7338.148 GC heap after
{Heap after GC invocations=7124 (full 9):
 PSYoungGen      total 4608K, used 948K [0x00000000d5580000, 0x00000000d5b00000, 0x0000000100000000)
  eden space 3584K, 0% used [0x00000000d5580000,0x00000000d5580000,0x00000000d5900000)
  from space 1024K, 92% used [0x00000000d5900000,0x00000000d59ed200,0x00000000d5a00000)
  to   space 1024K, 0% used [0x00000000d5a00000,0x00000000d5a00000,0x00000000d5b00000)
 ParOldGen       total 861696K, used 861284K [0x0000000080000000, 0x00000000b4980000, 0x00000000d5580000)
  object space 861696K, 99% used [0x0000000080000000,0x00000000b4919050,0x00000000b4980000)
 Metaspace       used 102679K, committed 104448K, reserved 1179648K
  class space    used 10095K, committed 10944K, reserved 1048576K
}
Event: 7339.008 GC heap before
{Heap before GC invocations=7125 (full 9):
 PSYoungGen      total 4608K, used 4532K [0x00000000d5580000, 0x00000000d5b00000, 0x0000000100000000)
  eden space 3584K, 100% used [0x00000000d5580000,0x00000000d5900000,0x00000000d5900000)
  from space 1024K, 92% used [0x00000000d5900000,0x00000000d59ed200,0x00000000d5a00000)
  to   space 1024K, 0% used [0x00000000d5a00000,0x00000000d5a00000,0x00000000d5b00000)
 ParOldGen       total 861696K, used 861284K [0x0000000080000000, 0x00000000b4980000, 0x00000000d5580000)
  object space 861696K, 99% used [0x0000000080000000,0x00000000b4919050,0x00000000b4980000)
 Metaspace       used 102679K, committed 104448K, reserved 1179648K
  class space    used 10095K, committed 10944K, reserved 1048576K
}
Event: 7339.010 GC heap after
{Heap after GC invocations=7125 (full 9):
 PSYoungGen      total 4608K, used 570K [0x00000000d5580000, 0x00000000d5b00000, 0x0000000100000000)
  eden space 3584K, 0% used [0x00000000d5580000,0x00000000d5580000,0x00000000d5900000)
  from space 1024K, 55% used [0x00000000d5a00000,0x00000000d5a8e900,0x00000000d5b00000)
  to   space 1024K, 0% used [0x00000000d5900000,0x00000000d5900000,0x00000000d5a00000)
 ParOldGen       total 862208K, used 862016K [0x0000000080000000, 0x00000000b4a00000, 0x00000000d5580000)
  object space 862208K, 99% used [0x0000000080000000,0x00000000b49d0260,0x00000000b4a00000)
 Metaspace       used 102679K, committed 104448K, reserved 1179648K
  class space    used 10095K, committed 10944K, reserved 1048576K
}
Event: 7339.014 GC heap before
{Heap before GC invocations=7126 (full 9):
 PSYoungGen      total 4608K, used 4154K [0x00000000d5580000, 0x00000000d5b00000, 0x0000000100000000)
  eden space 3584K, 100% used [0x00000000d5580000,0x00000000d5900000,0x00000000d5900000)
  from space 1024K, 55% used [0x00000000d5a00000,0x00000000d5a8e900,0x00000000d5b00000)
  to   space 1024K, 0% used [0x00000000d5900000,0x00000000d5900000,0x00000000d5a00000)
 ParOldGen       total 862208K, used 862016K [0x0000000080000000, 0x00000000b4a00000, 0x00000000d5580000)
  object space 862208K, 99% used [0x0000000080000000,0x00000000b49d0260,0x00000000b4a00000)
 Metaspace       used 102679K, committed 104448K, reserved 1179648K
  class space    used 10095K, committed 10944K, reserved 1048576K
}
Event: 7339.015 GC heap after
{Heap after GC invocations=7126 (full 9):
 PSYoungGen      total 4608K, used 256K [0x00000000d5580000, 0x00000000d5a80000, 0x0000000100000000)
  eden space 3584K, 0% used [0x00000000d5580000,0x00000000d5580000,0x00000000d5900000)
  from space 1024K, 25% used [0x00000000d5900000,0x00000000d5940000,0x00000000d5a00000)
  to   space 512K, 0% used [0x00000000d5a00000,0x00000000d5a00000,0x00000000d5a80000)
 ParOldGen       total 862720K, used 862344K [0x0000000080000000, 0x00000000b4a80000, 0x00000000d5580000)
  object space 862720K, 99% used [0x0000000080000000,0x00000000b4a22260,0x00000000b4a80000)
 Metaspace       used 102679K, committed 104448K, reserved 1179648K
  class space    used 10095K, committed 10944K, reserved 1048576K
}
Event: 7340.442 GC heap before
{Heap before GC invocations=7127 (full 9):
 PSYoungGen      total 4608K, used 3840K [0x00000000d5580000, 0x00000000d5a80000, 0x0000000100000000)
  eden space 3584K, 100% used [0x00000000d5580000,0x00000000d5900000,0x00000000d5900000)
  from space 1024K, 25% used [0x00000000d5900000,0x00000000d5940000,0x00000000d5a00000)
  to   space 512K, 0% used [0x00000000d5a00000,0x00000000d5a00000,0x00000000d5a80000)
 ParOldGen       total 862720K, used 862344K [0x0000000080000000, 0x00000000b4a80000, 0x00000000d5580000)
  object space 862720K, 99% used [0x0000000080000000,0x00000000b4a22260,0x00000000b4a80000)
 Metaspace       used 102682K, committed 104448K, reserved 1179648K
  class space    used 10095K, committed 10944K, reserved 1048576K
}
Event: 7340.443 GC heap after
{Heap after GC invocations=7127 (full 9):
 PSYoungGen      total 4096K, used 506K [0x00000000d5580000, 0x00000000d5b00000, 0x0000000100000000)
  eden space 3584K, 0% used [0x00000000d5580000,0x00000000d5580000,0x00000000d5900000)
  from space 512K, 98% used [0x00000000d5a00000,0x00000000d5a7e900,0x00000000d5a80000)
  to   space 1024K, 0% used [0x00000000d5900000,0x00000000d5900000,0x00000000d5a00000)
 ParOldGen       total 862720K, used 862424K [0x0000000080000000, 0x00000000b4a80000, 0x00000000d5580000)
  object space 862720K, 99% used [0x0000000080000000,0x00000000b4a36260,0x00000000b4a80000)
 Metaspace       used 102682K, committed 104448K, reserved 1179648K
  class space    used 10095K, committed 10944K, reserved 1048576K
}
Event: 7340.448 GC heap before
{Heap before GC invocations=7128 (full 9):
 PSYoungGen      total 4096K, used 4090K [0x00000000d5580000, 0x00000000d5b00000, 0x0000000100000000)
  eden space 3584K, 100% used [0x00000000d5580000,0x00000000d5900000,0x00000000d5900000)
  from space 512K, 98% used [0x00000000d5a00000,0x00000000d5a7e900,0x00000000d5a80000)
  to   space 1024K, 0% used [0x00000000d5900000,0x00000000d5900000,0x00000000d5a00000)
 ParOldGen       total 862720K, used 862424K [0x0000000080000000, 0x00000000b4a80000, 0x00000000d5580000)
  object space 862720K, 99% used [0x0000000080000000,0x00000000b4a36260,0x00000000b4a80000)
 Metaspace       used 102682K, committed 104448K, reserved 1179648K
  class space    used 10095K, committed 10944K, reserved 1048576K
}
Event: 7340.449 GC heap after
{Heap after GC invocations=7128 (full 9):
 PSYoungGen      total 4608K, used 640K [0x00000000d5580000, 0x00000000d5b00000, 0x0000000100000000)
  eden space 3584K, 0% used [0x00000000d5580000,0x00000000d5580000,0x00000000d5900000)
  from space 1024K, 62% used [0x00000000d5900000,0x00000000d59a0000,0x00000000d5a00000)
  to   space 1024K, 0% used [0x00000000d5a00000,0x00000000d5a00000,0x00000000d5b00000)
 ParOldGen       total 863232K, used 862869K [0x0000000080000000, 0x00000000b4b00000, 0x00000000d5580000)
  object space 863232K, 99% used [0x0000000080000000,0x00000000b4aa5470,0x00000000b4b00000)
 Metaspace       used 102682K, committed 104448K, reserved 1179648K
  class space    used 10095K, committed 10944K, reserved 1048576K
}
Event: 7340.452 GC heap before
{Heap before GC invocations=7129 (full 9):
 PSYoungGen      total 4608K, used 4224K [0x00000000d5580000, 0x00000000d5b00000, 0x0000000100000000)
  eden space 3584K, 100% used [0x00000000d5580000,0x00000000d5900000,0x00000000d5900000)
  from space 1024K, 62% used [0x00000000d5900000,0x00000000d59a0000,0x00000000d5a00000)
  to   space 1024K, 0% used [0x00000000d5a00000,0x00000000d5a00000,0x00000000d5b00000)
 ParOldGen       total 863232K, used 862869K [0x0000000080000000, 0x00000000b4b00000, 0x00000000d5580000)
  object space 863232K, 99% used [0x0000000080000000,0x00000000b4aa5470,0x00000000b4b00000)
 Metaspace       used 102682K, committed 104448K, reserved 1179648K
  class space    used 10095K, committed 10944K, reserved 1048576K
}
Event: 7340.453 GC heap after
{Heap after GC invocations=7129 (full 9):
 PSYoungGen      total 4608K, used 698K [0x00000000d5580000, 0x00000000d5b00000, 0x0000000100000000)
  eden space 3584K, 0% used [0x00000000d5580000,0x00000000d5580000,0x00000000d5900000)
  from space 1024K, 68% used [0x00000000d5a00000,0x00000000d5aae900,0x00000000d5b00000)
  to   space 1024K, 0% used [0x00000000d5900000,0x00000000d5900000,0x00000000d5a00000)
 ParOldGen       total 863744K, used 863385K [0x0000000080000000, 0x00000000b4b80000, 0x00000000d5580000)
  object space 863744K, 99% used [0x0000000080000000,0x00000000b4b264f8,0x00000000b4b80000)
 Metaspace       used 102682K, committed 104448K, reserved 1179648K
  class space    used 10095K, committed 10944K, reserved 1048576K
}
Event: 7340.697 GC heap before
{Heap before GC invocations=7130 (full 9):
 PSYoungGen      total 4608K, used 4282K [0x00000000d5580000, 0x00000000d5b00000, 0x0000000100000000)
  eden space 3584K, 100% used [0x00000000d5580000,0x00000000d5900000,0x00000000d5900000)
  from space 1024K, 68% used [0x00000000d5a00000,0x00000000d5aae900,0x00000000d5b00000)
  to   space 1024K, 0% used [0x00000000d5900000,0x00000000d5900000,0x00000000d5a00000)
 ParOldGen       total 863744K, used 863385K [0x0000000080000000, 0x00000000b4b80000, 0x00000000d5580000)
  object space 863744K, 99% used [0x0000000080000000,0x00000000b4b264f8,0x00000000b4b80000)
 Metaspace       used 102684K, committed 104448K, reserved 1179648K
  class space    used 10095K, committed 10944K, reserved 1048576K
}
Event: 7340.698 GC heap after
{Heap after GC invocations=7130 (full 9):
 PSYoungGen      total 4608K, used 704K [0x00000000d5580000, 0x00000000d5b00000, 0x0000000100000000)
  eden space 3584K, 0% used [0x00000000d5580000,0x00000000d5580000,0x00000000d5900000)
  from space 1024K, 68% used [0x00000000d5900000,0x00000000d59b0000,0x00000000d5a00000)
  to   space 1024K, 0% used [0x00000000d5a00000,0x00000000d5a00000,0x00000000d5b00000)
 ParOldGen       total 864256K, used 863945K [0x0000000080000000, 0x00000000b4c00000, 0x00000000d5580000)
  object space 864256K, 99% used [0x0000000080000000,0x00000000b4bb2770,0x00000000b4c00000)
 Metaspace       used 102684K, committed 104448K, reserved 1179648K
  class space    used 10095K, committed 10944K, reserved 1048576K
}
Event: 7340.701 GC heap before
{Heap before GC invocations=7131 (full 9):
 PSYoungGen      total 4608K, used 4288K [0x00000000d5580000, 0x00000000d5b00000, 0x0000000100000000)
  eden space 3584K, 100% used [0x00000000d5580000,0x00000000d5900000,0x00000000d5900000)
  from space 1024K, 68% used [0x00000000d5900000,0x00000000d59b0000,0x00000000d5a00000)
  to   space 1024K, 0% used [0x00000000d5a00000,0x00000000d5a00000,0x00000000d5b00000)
 ParOldGen       total 864256K, used 863945K [0x0000000080000000, 0x00000000b4c00000, 0x00000000d5580000)
  object space 864256K, 99% used [0x0000000080000000,0x00000000b4bb2770,0x00000000b4c00000)
 Metaspace       used 102684K, committed 104448K, reserved 1179648K
  class space    used 10095K, committed 10944K, reserved 1048576K
}
Event: 7340.702 GC heap after
{Heap after GC invocations=7131 (full 9):
 PSYoungGen      total 4608K, used 628K [0x00000000d5580000, 0x00000000d5b00000, 0x0000000100000000)
  eden space 3584K, 0% used [0x00000000d5580000,0x00000000d5580000,0x00000000d5900000)
  from space 1024K, 61% used [0x00000000d5a00000,0x00000000d5a9d200,0x00000000d5b00000)
  to   space 1024K, 0% used [0x00000000d5900000,0x00000000d5900000,0x00000000d5a00000)
 ParOldGen       total 864768K, used 864443K [0x0000000080000000, 0x00000000b4c80000, 0x00000000d5580000)
  object space 864768K, 99% used [0x0000000080000000,0x00000000b4c2efb0,0x00000000b4c80000)
 Metaspace       used 102684K, committed 104448K, reserved 1179648K
  class space    used 10095K, committed 10944K, reserved 1048576K
}
Event: 7340.850 GC heap before
{Heap before GC invocations=7132 (full 9):
 PSYoungGen      total 4608K, used 4212K [0x00000000d5580000, 0x00000000d5b00000, 0x0000000100000000)
  eden space 3584K, 100% used [0x00000000d5580000,0x00000000d5900000,0x00000000d5900000)
  from space 1024K, 61% used [0x00000000d5a00000,0x00000000d5a9d200,0x00000000d5b00000)
  to   space 1024K, 0% used [0x00000000d5900000,0x00000000d5900000,0x00000000d5a00000)
 ParOldGen       total 864768K, used 864443K [0x0000000080000000, 0x00000000b4c80000, 0x00000000d5580000)
  object space 864768K, 99% used [0x0000000080000000,0x00000000b4c2efb0,0x00000000b4c80000)
 Metaspace       used 102685K, committed 104448K, reserved 1179648K
  class space    used 10095K, committed 10944K, reserved 1048576K
}

